ARM GAS  C:\Users\Xavier\AppData\Local\Temp\ccPF3u9k.s 			page 1


   1              		.cpu cortex-m3
   2              		.eabi_attribute 20, 1
   3              		.eabi_attribute 21, 1
   4              		.eabi_attribute 23, 3
   5              		.eabi_attribute 24, 1
   6              		.eabi_attribute 25, 1
   7              		.eabi_attribute 26, 1
   8              		.eabi_attribute 30, 6
   9              		.eabi_attribute 34, 1
  10              		.eabi_attribute 18, 4
  11              		.file	"crp.c"
  12              		.text
  13              	.Ltext0:
  14              		.cfi_sections	.debug_frame
  15              		.global	CRP_WORD
  16              		.section	.crp,"a",%progbits
  17              		.align	2
  20              	CRP_WORD:
  21 0000 FFFFFFFF 		.word	-1
  22              		.text
  23              	.Letext0:
  24              		.file 1 "../src/crp.c"
ARM GAS  C:\Users\Xavier\AppData\Local\Temp\ccPF3u9k.s 			page 2


DEFINED SYMBOLS
                            *ABS*:00000000 crp.c
C:\Users\Xavier\AppData\Local\Temp\ccPF3u9k.s:20     .crp:00000000 CRP_WORD
C:\Users\Xavier\AppData\Local\Temp\ccPF3u9k.s:17     .crp:00000000 $d
                           .group:00000000 wm4.0.2232410d16925ab7a7675f033ae860b0
                           .group:00000000 wm4.crp.h.17.4c3aaa25db59e1d2afd91151b4429e62

NO UNDEFINED SYMBOLS
